<?xml version="1.0" encoding="UTF-8"?>
<!-- Generated by org.testng.reporters.JUnitReportReporter -->
<testsuite hostname="japneet-3.local" failures="0" tests="1" name="page_tests.GoogleSearchImFeelingLuckyTests" time="27.001" errors="0" timestamp="04 Mar 2024 13:46:22 GMT" skipped="0">
  <testcase classname="page_tests.GoogleSearchImFeelingLuckyTests" name="click2ndLink" time="27.001"/>
</testsuite> <!-- page_tests.GoogleSearchImFeelingLuckyTests -->
