<?xml version="1.0" encoding="UTF-8"?>
<!-- Generated by org.testng.reporters.JUnitReportReporter -->
<testsuite hostname="japneet-3.local" failures="0" tests="1" name="page_tests.GoogleSearchTests" time="10.969" errors="0" timestamp="2024-03-05T15:54:30 IST" skipped="0">
  <testcase classname="page_tests.GoogleSearchTests" name="testGoogleSearch" time="10.969"/>
  <system-out/>
</testsuite> <!-- page_tests.GoogleSearchTests -->
