<?xml version="1.0" encoding="UTF-8"?>
<!-- Generated by org.testng.reporters.JUnitReportReporter -->
<testsuite hostname="japneet-3.local" failures="0" tests="1" name="page_tests.GoogleSearchImFeelingLuckyTests" time="16.067" errors="0" timestamp="2024-03-05T15:35:02 IST" skipped="0">
  <testcase classname="page_tests.GoogleSearchImFeelingLuckyTests" name="click2ndLink" time="16.067"/>
  <system-out/>
</testsuite> <!-- page_tests.GoogleSearchImFeelingLuckyTests -->
