<?xml version="1.0" encoding="UTF-8"?>
<!-- Generated by org.testng.reporters.JUnitReportReporter -->
<testsuite hostname="japneet-3.local" failures="0" tests="1" name="page_tests.GoogleSearchTests" time="15.630" errors="0" timestamp="04 Mar 2024 13:46:22 GMT" skipped="0">
  <testcase classname="page_tests.GoogleSearchTests" name="testGoogleSearch" time="15.630"/>
</testsuite> <!-- page_tests.GoogleSearchTests -->
